{
  "RSpec": {
    "coverage": {
      "/home/igor/studyspace/manutencao/personal_blog/app/models/user.rb": {
        "lines": [
          1,
          null,
          null,
          1,
          1,
          1,
          null,
          null
        ]
      },
      "/home/igor/studyspace/manutencao/personal_blog/app/models/application_record.rb": {
        "lines": [
          1,
          1,
          null
        ]
      },
      "/home/igor/studyspace/manutencao/personal_blog/app/controllers/api/v1/posts_controller.rb": {
        "lines": [
          1,
          1,
          1,
          1,
          null,
          1,
          4,
          null,
          4,
          null,
          null,
          1,
          0,
          null,
          null,
          1,
          null,
          1,
          null,
          1,
          1,
          null,
          0,
          null,
          null,
          null,
          1,
          0,
          0,
          null,
          0,
          null,
          null,
          null,
          1,
          0,
          null,
          null,
          1,
          null,
          1,
          5,
          null,
          null,
          1,
          0,
          null,
          null,
          1,
          1,
          null,
          null,
          null,
          null
        ]
      },
      "/home/igor/studyspace/manutencao/personal_blog/app/controllers/application_controller.rb": {
        "lines": [
          1,
          null
        ]
      },
      "/home/igor/studyspace/manutencao/personal_blog/app/models/post.rb": {
        "lines": [
          1,
          1,
          1,
          1,
          null
        ]
      },
      "/home/igor/studyspace/manutencao/personal_blog/app/services/post_service.rb": {
        "lines": [
          1,
          1,
          2,
          null,
          null,
          1,
          1,
          null,
          null,
          1,
          null,
          1,
          3,
          null,
          null
        ]
      },
      "/home/igor/studyspace/manutencao/personal_blog/app/repositories/post_repository.rb": {
        "lines": [
          1,
          1,
          2,
          null,
          null,
          1,
          1,
          null,
          null
        ]
      },
      "/home/igor/studyspace/manutencao/personal_blog/app/serializers/post_serializer.rb": {
        "lines": [
          1,
          1,
          1,
          null
        ]
      },
      "/home/igor/studyspace/manutencao/personal_blog/app/channels/application_cable/channel.rb": {
        "lines": [
          0,
          0,
          0,
          0
        ],
        "branches": {
        }
      },
      "/home/igor/studyspace/manutencao/personal_blog/app/channels/application_cable/connection.rb": {
        "lines": [
          0,
          0,
          0,
          0
        ],
        "branches": {
        }
      },
      "/home/igor/studyspace/manutencao/personal_blog/app/controllers/api/v1/registrations_controller.rb": {
        "lines": [
          0,
          0,
          0,
          0,
          0,
          null,
          0,
          0,
          0,
          0,
          0,
          0,
          0,
          0,
          0,
          0,
          0,
          0,
          0,
          0,
          0,
          0,
          0,
          null,
          0,
          null,
          0,
          0,
          0,
          0,
          0,
          0
        ],
        "branches": {
        }
      },
      "/home/igor/studyspace/manutencao/personal_blog/app/controllers/api/v1/sessions_controller.rb": {
        "lines": [
          0,
          0,
          0,
          0,
          0,
          0,
          0,
          null,
          0,
          null,
          0,
          0,
          0,
          null,
          0,
          null,
          0,
          0,
          0,
          0,
          0,
          0
        ],
        "branches": {
        }
      },
      "/home/igor/studyspace/manutencao/personal_blog/app/jobs/application_job.rb": {
        "lines": [
          0,
          null,
          null,
          null,
          null,
          null,
          0
        ],
        "branches": {
        }
      },
      "/home/igor/studyspace/manutencao/personal_blog/app/mailers/application_mailer.rb": {
        "lines": [
          0,
          0,
          0,
          0
        ],
        "branches": {
        }
      }
    },
    "timestamp": 1700093447
  }
}
