<?xml version='1.0'?> 
<!DOCTYPE coverage SYSTEM "http://cobertura.sourceforge.net/xml/coverage-04.dtd">
<!-- Generated by simplecov-cobertura version 2.1.0 (https://github.com/dashingrocket/simplecov-cobertura) -->
<coverage line-rate="1.0" lines-covered="87" lines-valid="87" complexity="0" version="0" timestamp="1701359846">
  <sources>
    <source>/home/igor/studyspace/manutencao/personal_blog</source>
  </sources>
  <packages>
    <package name="Models" line-rate="1.0" complexity="0">
      <classes>
        <class name="application_record" filename="app/models/application_record.rb" line-rate="1.0" complexity="0">
          <methods/>
          <lines>
            <line number="1" hits="1"/>
            <line number="2" hits="1"/>
          </lines>
        </class>
        <class name="post" filename="app/models/post.rb" line-rate="1.0" complexity="0">
          <methods/>
          <lines>
            <line number="1" hits="1"/>
            <line number="2" hits="1"/>
            <line number="3" hits="1"/>
            <line number="4" hits="1"/>
          </lines>
        </class>
        <class name="user" filename="app/models/user.rb" line-rate="1.0" complexity="0">
          <methods/>
          <lines>
            <line number="1" hits="1"/>
            <line number="4" hits="1"/>
            <line number="5" hits="1"/>
            <line number="6" hits="1"/>
          </lines>
        </class>
      </classes>
    </package>
    <package name="Ungrouped" line-rate="1.0" complexity="0">
      <classes>
        <class name="post_repository" filename="app/repositories/post_repository.rb" line-rate="1.0" complexity="0">
          <methods/>
          <lines>
            <line number="1" hits="1"/>
            <line number="2" hits="1"/>
            <line number="3" hits="1"/>
            <line number="6" hits="1"/>
            <line number="7" hits="1"/>
            <line number="10" hits="1"/>
            <line number="11" hits="1"/>
          </lines>
        </class>
        <class name="application" filename="config/application.rb" line-rate="1.0" complexity="0">
          <methods/>
          <lines>
            <line number="1" hits="1"/>
            <line number="3" hits="1"/>
            <line number="7" hits="1"/>
            <line number="9" hits="1"/>
            <line number="10" hits="1"/>
            <line number="12" hits="1"/>
            <line number="17" hits="1"/>
            <line number="30" hits="1"/>
            <line number="31" hits="1"/>
          </lines>
        </class>
        <class name="boot" filename="config/boot.rb" line-rate="1.0" complexity="0">
          <methods/>
          <lines>
            <line number="1" hits="1"/>
            <line number="3" hits="1"/>
            <line number="4" hits="1"/>
          </lines>
        </class>
        <class name="environment" filename="config/environment.rb" line-rate="1.0" complexity="0">
          <methods/>
          <lines>
            <line number="2" hits="1"/>
            <line number="5" hits="1"/>
          </lines>
        </class>
        <class name="test" filename="config/environments/test.rb" line-rate="1.0" complexity="0">
          <methods/>
          <lines>
            <line number="1" hits="1"/>
            <line number="8" hits="1"/>
            <line number="12" hits="1"/>
            <line number="18" hits="1"/>
            <line number="21" hits="1"/>
            <line number="22" hits="1"/>
            <line number="27" hits="1"/>
            <line number="28" hits="1"/>
            <line number="29" hits="1"/>
            <line number="32" hits="1"/>
            <line number="35" hits="1"/>
            <line number="38" hits="1"/>
            <line number="40" hits="1"/>
            <line number="45" hits="1"/>
            <line number="48" hits="1"/>
            <line number="51" hits="1"/>
            <line number="54" hits="1"/>
            <line number="63" hits="1"/>
          </lines>
        </class>
        <class name="cors" filename="config/initializers/cors.rb" line-rate="1.0" complexity="0">
          <methods/>
          <lines>
            <line number="8" hits="1"/>
            <line number="9" hits="1"/>
            <line number="10" hits="1"/>
            <line number="12" hits="1"/>
          </lines>
        </class>
        <class name="devise" filename="config/initializers/devise.rb" line-rate="1.0" complexity="0">
          <methods/>
          <lines>
            <line number="11" hits="1"/>
            <line number="27" hits="1"/>
            <line number="39" hits="1"/>
            <line number="61" hits="1"/>
            <line number="66" hits="1"/>
            <line number="100" hits="1"/>
            <line number="126" hits="1"/>
            <line number="160" hits="1"/>
            <line number="170" hits="1"/>
            <line number="182" hits="1"/>
            <line number="187" hits="1"/>
            <line number="192" hits="1"/>
            <line number="228" hits="1"/>
            <line number="270" hits="1"/>
            <line number="306" hits="1"/>
            <line number="307" hits="1"/>
          </lines>
        </class>
        <class name="filter_parameter_logging" filename="config/initializers/filter_parameter_logging.rb" line-rate="1.0" complexity="0">
          <methods/>
          <lines>
            <line number="6" hits="1"/>
          </lines>
        </class>
        <class name="inflections" filename="config/initializers/inflections.rb" line-rate="1.0" complexity="0">
          <methods/>
          <lines/>
        </class>
        <class name="routes" filename="config/routes.rb" line-rate="1.0" complexity="0">
          <methods/>
          <lines>
            <line number="1" hits="1"/>
            <line number="2" hits="1"/>
            <line number="3" hits="1"/>
            <line number="4" hits="1"/>
            <line number="5" hits="1"/>
            <line number="12" hits="1"/>
          </lines>
        </class>
        <class name="comments" filename="spec/factories/comments.rb" line-rate="1.0" complexity="0">
          <methods/>
          <lines>
            <line number="1" hits="1"/>
            <line number="2" hits="1"/>
            <line number="3" hits="1"/>
          </lines>
        </class>
        <class name="posts" filename="spec/factories/posts.rb" line-rate="1.0" complexity="0">
          <methods/>
          <lines>
            <line number="1" hits="1"/>
            <line number="2" hits="1"/>
            <line number="3" hits="4"/>
          </lines>
        </class>
        <class name="users" filename="spec/factories/users.rb" line-rate="1.0" complexity="0">
          <methods/>
          <lines>
            <line number="1" hits="1"/>
            <line number="2" hits="1"/>
            <line number="3" hits="4"/>
            <line number="4" hits="4"/>
            <line number="5" hits="4"/>
          </lines>
        </class>
      </classes>
    </package>
  </packages>
</coverage>